<?xml version="1.0" encoding="UTF-8"?>
<!-- Generated by org.testng.reporters.JUnitReportReporter -->
<testsuite hostname="DESKTOP-E8B2JUG" failures="0" tests="1" name="testCases.loginApplication" time="22.881" errors="0" timestamp="2022-01-11T20:54:40 PST" skipped="0">
  <testcase classname="testCases.loginApplication" name="login" time="22.881"/>
  <system-out/>
</testsuite> <!-- testCases.loginApplication -->
